0 info it worked if it ends with ok
1 verbose cli [ 'C:\\Program Files (x86)\\nodejs\\node.exe',
1 verbose cli   'C:\\Program Files (x86)\\nodejs\\node_modules\\npm\\bin\\npm-cli.js',
1 verbose cli   'install',
1 verbose cli   '-g',
1 verbose cli   'gulp' ]
2 info using npm@2.15.0
3 info using node@v4.4.2
4 verbose install initial load of C:\Users\Anna\AppData\Roaming\npm\package.json
5 verbose readDependencies loading dependencies from C:\Users\Anna\AppData\Roaming\npm\package.json
6 silly cache add args [ 'gulp', null ]
7 verbose cache add spec gulp
8 silly cache add parsed spec Result {
8 silly cache add   raw: 'gulp',
8 silly cache add   scope: null,
8 silly cache add   name: 'gulp',
8 silly cache add   rawSpec: '',
8 silly cache add   spec: 'latest',
8 silly cache add   type: 'tag' }
9 silly addNamed gulp@latest
10 verbose addNamed "latest" is being treated as a dist-tag for gulp
11 info addNameTag [ 'gulp', 'latest' ]
12 silly mapToRegistry name gulp
13 silly mapToRegistry using default registry
14 silly mapToRegistry registry https://registry.npmjs.org/
15 silly mapToRegistry data Result {
15 silly mapToRegistry   raw: 'gulp',
15 silly mapToRegistry   scope: null,
15 silly mapToRegistry   name: 'gulp',
15 silly mapToRegistry   rawSpec: '',
15 silly mapToRegistry   spec: 'latest',
15 silly mapToRegistry   type: 'tag' }
16 silly mapToRegistry uri https://registry.npmjs.org/gulp
17 verbose addNameTag registry:https://registry.npmjs.org/gulp not in flight; fetching
18 verbose request uri https://registry.npmjs.org/gulp
19 verbose request no auth needed
20 info attempt registry request try #1 at 21:24:47
21 verbose request id 2930c8b5435ecd6f
22 http request GET https://registry.npmjs.org/gulp
23 http 200 https://registry.npmjs.org/gulp
24 verbose headers { server: 'CouchDB/1.5.0 (Erlang OTP/R16B03)',
24 verbose headers   etag: '"A4DMNKU4BFP4EBDBYWVJBHKKE"',
24 verbose headers   'content-type': 'application/json',
24 verbose headers   'content-encoding': 'gzip',
24 verbose headers   'cache-control': 'max-age=300',
24 verbose headers   'content-length': '18186',
24 verbose headers   'accept-ranges': 'bytes',
24 verbose headers   date: 'Wed, 27 Apr 2016 14:25:00 GMT',
24 verbose headers   via: '1.1 varnish',
24 verbose headers   age: '171',
24 verbose headers   connection: 'keep-alive',
24 verbose headers   'x-served-by': 'cache-sin6922-SIN',
24 verbose headers   'x-cache': 'HIT',
24 verbose headers   'x-cache-hits': '1',
24 verbose headers   'x-timer': 'S1461767100.798305,VS0,VE0',
24 verbose headers   vary: 'Accept-Encoding' }
25 silly get cb [ 200,
25 silly get   { server: 'CouchDB/1.5.0 (Erlang OTP/R16B03)',
25 silly get     etag: '"A4DMNKU4BFP4EBDBYWVJBHKKE"',
25 silly get     'content-type': 'application/json',
25 silly get     'content-encoding': 'gzip',
25 silly get     'cache-control': 'max-age=300',
25 silly get     'content-length': '18186',
25 silly get     'accept-ranges': 'bytes',
25 silly get     date: 'Wed, 27 Apr 2016 14:25:00 GMT',
25 silly get     via: '1.1 varnish',
25 silly get     age: '171',
25 silly get     connection: 'keep-alive',
25 silly get     'x-served-by': 'cache-sin6922-SIN',
25 silly get     'x-cache': 'HIT',
25 silly get     'x-cache-hits': '1',
25 silly get     'x-timer': 'S1461767100.798305,VS0,VE0',
25 silly get     vary: 'Accept-Encoding' } ]
26 verbose get saving gulp to C:\Users\Anna\AppData\Roaming\npm-cache\registry.npmjs.org\gulp\.cache.json
27 verbose correctMkdir C:\Users\Anna\AppData\Roaming\npm-cache correctMkdir not in flight; initializing
28 verbose makeDirectory C:\Users\Anna\AppData\Roaming\npm-cache creation not in flight; initializing
29 verbose makeCacheDir UID & GID are irrelevant on win32
30 silly addNameTag next cb for gulp with tag latest
31 silly addNamed gulp@3.9.1
32 verbose addNamed "3.9.1" is a plain semver version for gulp
33 silly mapToRegistry name gulp
34 silly mapToRegistry using default registry
35 silly mapToRegistry registry https://registry.npmjs.org/
36 silly mapToRegistry data Result {
36 silly mapToRegistry   raw: 'gulp',
36 silly mapToRegistry   scope: null,
36 silly mapToRegistry   name: 'gulp',
36 silly mapToRegistry   rawSpec: '',
36 silly mapToRegistry   spec: 'latest',
36 silly mapToRegistry   type: 'tag' }
37 silly mapToRegistry uri https://registry.npmjs.org/gulp
38 verbose addRemoteTarball https://registry.npmjs.org/gulp/-/gulp-3.9.1.tgz not in flight; adding
39 verbose addRemoteTarball [ 'https://registry.npmjs.org/gulp/-/gulp-3.9.1.tgz',
39 verbose addRemoteTarball   '571ce45928dd40af6514fc4011866016c13845b4' ]
40 info retry fetch attempt 1 at 21:25:05
41 info attempt registry request try #1 at 21:25:05
42 http fetch GET https://registry.npmjs.org/gulp/-/gulp-3.9.1.tgz
43 http fetch 200 https://registry.npmjs.org/gulp/-/gulp-3.9.1.tgz
44 warn retry will retry, error on last attempt: Error: EBUSY: resource busy or locked, rename 'C:\Users\Anna\AppData\Local\Temp\npm-6604-f39c20aa\registry.npmjs.org\gulp\-\gulp-3.9.1.tgz.3532404332' -> 'C:\Users\Anna\AppData\Local\Temp\npm-6604-f39c20aa\registry.npmjs.org\gulp\-\gulp-3.9.1.tgz'
45 verbose stack TypeError: tarball.destroy is not a function
45 verbose stack     at WriteStreamAtomic.<anonymous> (C:\Program Files (x86)\nodejs\node_modules\npm\lib\cache\add-remote-tarball.js:85:15)
45 verbose stack     at emitOne (events.js:82:20)
45 verbose stack     at WriteStreamAtomic.emit (events.js:169:7)
45 verbose stack     at WriteStreamAtomic.emit (C:\Program Files (x86)\nodejs\node_modules\npm\node_modules\fs-write-stream-atomic\index.js:60:34)
45 verbose stack     at C:\Program Files (x86)\nodejs\node_modules\npm\node_modules\fs-write-stream-atomic\index.js:89:19
45 verbose stack     at FSReqWrap.oncomplete (fs.js:82:15)
46 verbose cwd D:\TI\se4\TKPPL\Tugas_Project
47 error Windows_NT 6.1.7601
48 error argv "C:\\Program Files (x86)\\nodejs\\node.exe" "C:\\Program Files (x86)\\nodejs\\node_modules\\npm\\bin\\npm-cli.js" "install" "-g" "gulp"
49 error node v4.4.2
50 error npm  v2.15.0
51 error tarball.destroy is not a function
52 error If you need help, you may report this error at:
52 error     <https://github.com/npm/npm/issues>
53 verbose exit [ 1, true ]
